2017-12-05 10:12:49.583 [main] INFO  org.springframework.test.context.support.DefaultTestContextBootstrapper - Loaded default TestExecutionListener class names from location [META-INF/spring.factories]: [org.springframework.test.context.web.ServletTestExecutionListener, org.springframework.test.context.support.DirtiesContextBeforeModesTestExecutionListener, org.springframework.test.context.support.DependencyInjectionTestExecutionListener, org.springframework.test.context.support.DirtiesContextTestExecutionListener, org.springframework.test.context.transaction.TransactionalTestExecutionListener, org.springframework.test.context.jdbc.SqlScriptsTestExecutionListener]
2017-12-05 10:12:49.615 [main] INFO  org.springframework.test.context.support.DefaultTestContextBootstrapper - Could not instantiate TestExecutionListener [org.springframework.test.context.web.ServletTestExecutionListener]. Specify custom listener classes or make the default listener classes (and their required dependencies) available. Offending class: [javax/servlet/ServletContext]
2017-12-05 10:12:49.618 [main] INFO  org.springframework.test.context.support.DefaultTestContextBootstrapper - Using TestExecutionListeners: [org.springframework.test.context.support.DirtiesContextBeforeModesTestExecutionListener@1dd02175, org.springframework.test.context.support.DependencyInjectionTestExecutionListener@31206beb, org.springframework.test.context.support.DirtiesContextTestExecutionListener@3e77a1ed, org.springframework.test.context.transaction.TransactionalTestExecutionListener@3ffcd140, org.springframework.test.context.jdbc.SqlScriptsTestExecutionListener@23bb8443]
2017-12-05 10:12:49.778 [main] INFO  org.springframework.beans.factory.xml.XmlBeanDefinitionReader - Loading XML bean definitions from file [F:\git\mavenProject\file2DB\file2DB-service\target\classes\spring\service.xml]
2017-12-05 10:12:50.057 [main] INFO  org.springframework.beans.factory.xml.XmlBeanDefinitionReader - Loading XML bean definitions from file [F:\git\mavenProject\file2DB\file2DB-service\target\classes\spring\spring-dao.xml]
2017-12-05 10:12:50.076 [main] INFO  org.springframework.beans.factory.xml.XmlBeanDefinitionReader - Loading XML bean definitions from file [F:\git\mavenProject\file2DB\file2DB-service\target\classes\spring\spring-consumer.xml]
2017-12-05 10:12:50.109 [main] INFO  org.springframework.beans.factory.xml.XmlBeanDefinitionReader - Loading XML bean definitions from file [F:\git\mavenProject\file2DB\file2DB-service\target\classes\spring\spring-producer.xml]
2017-12-05 10:12:50.121 [main] INFO  org.springframework.beans.factory.xml.XmlBeanDefinitionReader - Loading XML bean definitions from file [F:\git\mavenProject\file2DB\file2DB-service\target\classes\spring\spring-consumer.xml]
2017-12-05 10:12:50.159 [main] INFO  org.springframework.beans.factory.xml.XmlBeanDefinitionReader - Loading XML bean definitions from file [F:\git\mavenProject\file2DB\file2DB-service\target\classes\spring\spring-dao.xml]
2017-12-05 10:12:50.178 [main] INFO  org.springframework.beans.factory.xml.XmlBeanDefinitionReader - Loading XML bean definitions from file [F:\git\mavenProject\file2DB\file2DB-service\target\classes\spring\spring-producer.xml]
2017-12-05 10:12:50.188 [main] INFO  org.springframework.context.support.GenericApplicationContext - Refreshing org.springframework.context.support.GenericApplicationContext@971d0d8: startup date [Tue Dec 05 10:12:50 CST 2017]; root of context hierarchy
2017-12-05 10:12:50.421 [main] WARN  org.mybatis.spring.mapper.ClassPathMapperScanner - Skipping MapperFactoryBean with name 'extractDao' and 'org.dao.ExtractDao' mapperInterface. Bean already defined with the same name!
2017-12-05 10:12:50.421 [main] WARN  org.mybatis.spring.mapper.ClassPathMapperScanner - No MyBatis mapper was found in '[org.dao]' package. Please check your configuration.
2017-12-05 10:12:51.903 [main] INFO  org.springframework.context.support.DefaultLifecycleProcessor - Starting beans in phase 0
2017-12-05 10:12:51.940 [Thread-1] INFO  org.springframework.context.support.GenericApplicationContext - Closing org.springframework.context.support.GenericApplicationContext@971d0d8: startup date [Tue Dec 05 10:12:50 CST 2017]; root of context hierarchy
2017-12-05 10:12:51.944 [Thread-1] INFO  org.springframework.context.support.DefaultLifecycleProcessor - Stopping beans in phase 0
2017-12-05 10:24:39.061 [main] INFO  org.springframework.test.context.support.DefaultTestContextBootstrapper - Loaded default TestExecutionListener class names from location [META-INF/spring.factories]: [org.springframework.test.context.web.ServletTestExecutionListener, org.springframework.test.context.support.DirtiesContextBeforeModesTestExecutionListener, org.springframework.test.context.support.DependencyInjectionTestExecutionListener, org.springframework.test.context.support.DirtiesContextTestExecutionListener, org.springframework.test.context.transaction.TransactionalTestExecutionListener, org.springframework.test.context.jdbc.SqlScriptsTestExecutionListener]
2017-12-05 10:24:39.069 [main] INFO  org.springframework.test.context.support.DefaultTestContextBootstrapper - Could not instantiate TestExecutionListener [org.springframework.test.context.web.ServletTestExecutionListener]. Specify custom listener classes or make the default listener classes (and their required dependencies) available. Offending class: [javax/servlet/ServletContext]
2017-12-05 10:24:39.074 [main] INFO  org.springframework.test.context.support.DefaultTestContextBootstrapper - Using TestExecutionListeners: [org.springframework.test.context.support.DirtiesContextBeforeModesTestExecutionListener@1dd02175, org.springframework.test.context.support.DependencyInjectionTestExecutionListener@31206beb, org.springframework.test.context.support.DirtiesContextTestExecutionListener@3e77a1ed, org.springframework.test.context.transaction.TransactionalTestExecutionListener@3ffcd140, org.springframework.test.context.jdbc.SqlScriptsTestExecutionListener@23bb8443]
2017-12-05 10:24:39.132 [main] INFO  org.springframework.beans.factory.xml.XmlBeanDefinitionReader - Loading XML bean definitions from file [F:\git\mavenProject\file2DB\file2DB-service\target\classes\spring\service.xml]
2017-12-05 10:24:39.273 [main] INFO  org.springframework.beans.factory.xml.XmlBeanDefinitionReader - Loading XML bean definitions from file [F:\git\mavenProject\file2DB\file2DB-service\target\classes\spring\spring-dao.xml]
2017-12-05 10:24:39.290 [main] INFO  org.springframework.beans.factory.xml.XmlBeanDefinitionReader - Loading XML bean definitions from file [F:\git\mavenProject\file2DB\file2DB-service\target\classes\spring\spring-consumer.xml]
2017-12-05 10:24:39.321 [main] INFO  org.springframework.beans.factory.xml.XmlBeanDefinitionReader - Loading XML bean definitions from file [F:\git\mavenProject\file2DB\file2DB-service\target\classes\spring\spring-producer.xml]
2017-12-05 10:24:39.332 [main] INFO  org.springframework.beans.factory.xml.XmlBeanDefinitionReader - Loading XML bean definitions from file [F:\git\mavenProject\file2DB\file2DB-service\target\classes\spring\spring-consumer.xml]
2017-12-05 10:24:39.367 [main] INFO  org.springframework.beans.factory.xml.XmlBeanDefinitionReader - Loading XML bean definitions from file [F:\git\mavenProject\file2DB\file2DB-service\target\classes\spring\spring-dao.xml]
2017-12-05 10:24:39.378 [main] INFO  org.springframework.beans.factory.xml.XmlBeanDefinitionReader - Loading XML bean definitions from file [F:\git\mavenProject\file2DB\file2DB-service\target\classes\spring\spring-producer.xml]
2017-12-05 10:24:39.387 [main] INFO  org.springframework.context.support.GenericApplicationContext - Refreshing org.springframework.context.support.GenericApplicationContext@971d0d8: startup date [Tue Dec 05 10:24:39 CST 2017]; root of context hierarchy
2017-12-05 10:24:39.527 [main] WARN  org.mybatis.spring.mapper.ClassPathMapperScanner - Skipping MapperFactoryBean with name 'extractDao' and 'org.dao.ExtractDao' mapperInterface. Bean already defined with the same name!
2017-12-05 10:24:39.527 [main] WARN  org.mybatis.spring.mapper.ClassPathMapperScanner - No MyBatis mapper was found in '[org.dao]' package. Please check your configuration.
2017-12-05 10:24:40.445 [main] INFO  org.springframework.context.support.DefaultLifecycleProcessor - Starting beans in phase 0
2017-12-05 10:24:40.465 [Thread-1] INFO  org.springframework.context.support.GenericApplicationContext - Closing org.springframework.context.support.GenericApplicationContext@971d0d8: startup date [Tue Dec 05 10:24:39 CST 2017]; root of context hierarchy
2017-12-05 10:24:40.466 [Thread-1] INFO  org.springframework.context.support.DefaultLifecycleProcessor - Stopping beans in phase 0
